0.13025694077770442,1
0.09367297164199692,1
0.1682047210404186,1
0.21458220320311228,1
0.3475909713274574,1
0.21411883109904747,1
0.12701469182797614,1
0.5066822320670882,1
0.13135487450624872,1
0.08543658655278176,1
0.058481485155421474,1
0.1373324919468545,1
0.08154472806563724,1
0.690194654306396,1
0.06821062106516503,1
0.2528735132155325,1
0.3359133041993091,1
0.1844040326182345,1
0.20513312089400698,1
0.1936405456661715,1
0.21116141359021876,1
0.17821290570000162,1
0.3448720095254509,1
0.11124728437870388,1
0.18012005103540435,1
0.21168733797393585,1
0.3032680258229046,1
0.31491760051408824,1
0.19233605234579146,1
0.17379747446874289,1
0.0590757493142063,1
0.15163047113195588,1
0.20557981428399885,1
0.16031510640828633,1
0.24550863106567647,1
0.045851154744914385,1
0.10373685601721358,1
0.1407012311177488,1
0.2938342506382583,1
0.40544212236608335,1
0.05262350683654693,1
0.03172508094851606,1
1.1236121837954636,1
0.2793657478424606,1
0.12932139089308012,1
0.1085482258137363,1
0.7344458064238727,1
0.0956103097587258,1
0.1468465517613325,1
0.19599345369878485,1
0.0878909330798209,1
0.16481797431176118,1
0.34362930729476737,1
0.2570863378725232,1
0.06735532846907522,1
0.155470750548297,1
0.09699788036038712,1
0.44824836660776474,1
0.09277103860825942,1
0.11154520183595434,1
0.37441203049419625,1
0.14783771038640825,1
0.2311061523980776,1
0.359880113413972,1
0.04573461953599526,1
0.2506362347555201,1
0.17077297723746154,1
0.05184354395637229,1
0.14895817888701682,1
0.1981421189669711,1
0.1504996432389478,1
0.40810778705967393,1
0.07452800118276479,1
0.10344115684571,1
0.439809481901113,1
0.4745501592067385,1
0.17421499700014598,1
0.2424260009797929,1
0.09184240015732184,1
0.04914268274763464,1
0.1308243527163208,1
0.1010150604854748,1
0.19672619751526527,1
0.3015485896597114,1
0.07357866169823722,1
0.07300202681068339,1
0.16920651301480155,1
0.20093943568241518,1
0.0685104196067548,1
0.17114701182635658,1
0.0659893533282786,1
0.04580150463275016,1
0.09974566494995005,1
0.12532566568507014,1
0.8419820450124312,1
0.1968584975033425,1
0.41495204672466374,1
0.18402954794782897,1
0.11459416277265183,1
0.24238707682431798,1
0.14180144459625418,1
0.17652803161566233,1
0.14471427047806357,1
0.0796726493603048,1
0.095418030041996,1
0.2003976879697793,1
0.19796141668237313,1
0.06353316525855686,1
0.3576023937939956,1
0.11891688148251042,1
0.09520141472614876,1
0.13519098111889669,1
0.19235037634381075,1
0.2939816655070363,1
0.14442619154036027,1
0.35083804730801915,1
0.1276060871867642,1
0.09509715876039579,1
0.11154612456994,1
0.10221174338737979,1
0.3464818939731698,1
0.10167024012731381,1
0.3476164583219304,1
0.3729834400071251,1
0.054894756884244666,1
0.21855674858705074,1
0.46200424328904827,1
0.23106111187801903,1
0.4879289040870109,1
0.32811988756857713,1
0.26170750003829824,1
0.14951222141696754,1
0.07588738643876163,1
0.2974315626900764,1
0.5759890531970431,1
0.169322054332231,1
0.0800735263948708,1
0.36252653147145564,1
0.357356305591561,1
0.2590636113336565,1
0.5392910828725834,1
0.22457497494293088,1
0.21094580939909147,1
0.19028170987052442,1
0.06289619723626914,1
0.18109670771059025,1
0.20245016857521356,1
0.10973850952354344,1
0.29552082829275533,1
0.2829433404331008,1
0.23925069469109062,1
0.220142523747233,1
0.1571993108926054,1
0.052965355721326345,1
0.13393736211051321,1
0.1849119354883232,1
0.2967548316132018,1
0.15550262914106955,1
0.23266353750354046,1
0.2710840708811887,1
0.45547664208029026,1
0.07606261320071503,1
0.2868054982287925,1
0.3548553093964726,1
0.20028598855669164,1
0.12762913675884768,1
0.23485923293349342,1
0.24572295971306424,1
0.1791912130232426,1
0.28545906524083714,1
0.11353249588550168,1
0.15839392160348992,1
0.2712762060962011,1
0.45058337608286475,1
0.11148373065189544,1
0.20774363049049127,1
0.46575378477999907,1
0.14429460302265742,1
0.09822452547583643,1
0.19403662903656504,1
0.14331160666233023,1
0.3530830380704012,1
0.23531869293202412,1
0.11982311615189158,1
0.118020941998495,1
0.25136852390327996,1
0.028326234783912878,1
0.2066153907842352,1
0.15434663101048718,1
0.2704616691039507,1
0.10785351076365735,1
0.33261785663846494,1
0.5095190879297583,1
0.27844539883829456,1
0.15216417010038022,1
0.21116823634885162,1
0.14874602647037843,1
0.06405059835189125,1
0.38682389487741353,1
0.2848489472884822,1
0.14821333291856048,1
0.10125286151425283,1
0.13817419742424722,1
0.18115374364409556,1
0.023971731938465593,1
0.236007179233268,1
0.12356203128860571,1
0.1633693785265371,1
0.596626952483881,1
0.09670049022115267,1
0.24442134202705113,1
0.21914312459113075,1
0.05918374446694379,1
0.4390659383068647,1
0.11477799100233257,1
0.698939761192491,1
0.7348645643040341,1
0.11541933779340702,1
0.3220483195750303,1
0.546898851382665,1
0.22496596475555414,1
0.07266444652839008,1
0.09731413959487385,1
0.06461479349269045,1
0.28615552465434646,1
0.2754896418366955,1
0.26070823548789257,1
0.35971135814062283,1
0.28086945994374424,1
0.14291816026213944,1
0.15827458430363484,1
0.25702549313919454,1
0.1534453206228664,1
0.19287780309626476,1
0.13612070011883054,1
0.7009556364374685,1
0.2404903968793558,1
0.3218954604914788,1
0.2743574176400767,1
0.10347849514380979,1
0.5181863394165057,1
0.2230798315800254,1
0.36180311137656274,1
0.18388530695887925,1
0.15316137368575505,1
0.3369706780446729,1
0.07593229279384889,1
0.35829676462378224,1
0.27093813532402555,1
0.10174854894105717,1
0.5010113690853484,1
0.45376393948569604,1
0.20137953962593524,1
0.0798988078244014,1
0.2293894495047808,1
0.18845611870781792,1
0.20172755492566471,1
0.13047785162628348,1
0.15408196650433267,1
0.23896119426233128,1
0.15052143661728135,1
0.17150802266056558,1
0.6468781498871959,1
0.042754550100249984,1
0.2884921078341889,1
0.2141334238991104,1
0.20007136044235213,1
0.9904443964557382,1
0.09929686724043649,1
0.08838891103740187,1
0.12816812937272867,1
0.21198219866243728,1
0.20935122726502783,1
0.19728161334581673,1
0.34562893394659755,1
0.20918186820658888,1
0.12581254060332928,1
0.23120177984312096,1
0.4591824389222091,1
0.08713023436898881,1
0.5740016258191581,1
0.6962428166232077,1
0.22192439021201696,1
0.18706145908559815,1
0.20828361755837999,1
0.15476250643562736,1
0.5285177944706105,1
0.2008345626360802,1
0.3053600386520094,1
0.2377542984451651,1
0.3768774883390496,1
0.25336071942158245,1
0.1572845845567432,1
0.10813747186914022,1
0.1715412533325702,1
0.1990786853761735,1
0.18124302212734436,1
0.27546235374189704,1
0.29654509382385563,1
0.11305771068660792,1
0.6283069743992413,1
0.09529897443118912,1
0.2023405501548714,1
0.29528199559722873,1
0.12923977160683195,1
0.23193556299760298,1
0.13287024375259,1
0.36857702773831047,1
0.08343257937718056,1
0.39906184620341545,1
0.271673524080174,1
0.2758686260190846,1
0.11247760198937819,1
0.14277927110232946,1
0.30310907753982497,1
0.139602598208667,1
0.10744656604975428,1
0.2305540700659257,1
0.24801357290354603,1
0.19517044507738074,1
0.1946944438762039,1
0.21362032593414354,1
0.22707660700198506,1
0.16859054593348968,1
0.1704158775292545,1
0.15116724121944686,1
0.11278504232299127,1
0.30236832278360154,1
0.09827968920463934,1
0.1529213959559757,1
0.09977113225651785,1
0.2885208657291335,1
0.13358863701625268,1
0.1741032258384127,1
0.11050025027177182,1
0.26595210408635084,1
0.43307163762488166,1
0.3441972615229264,1
0.05163353887146871,1
0.26130821020812944,1
0.32435237918089066,1
0.34681497361541014,1
0.1701380311919254,1
0.1545014691908711,1
0.10220770945280062,1
0.7527442299929628,1
0.24868495200065457,1
0.13467927644428374,1
0.5833508757119077,1
0.36669308849504756,1
0.19488910066302684,1
0.14830765283538436,1
0.04230491067933023,1
0.10640855366324639,1
0.232435070877621,1
0.23141439421096432,1
0.17136152545424824,1
0.23683571381439686,1
0.25153769680654897,1
0.10727087912345908,1
0.26198545718675903,1
0.12782789684755597,1
0.39231459275616,1
0.15490810367227836,1
0.4379531037202492,1
0.1056483321738208,1
0.13873949578776665,1
0.17402478142120903,1
0.20909528452305284,1
0.34570062202976726,1
0.1643407386999601,1
0.1158557401155687,1
0.42489772782326324,1
0.3281481707579552,1
0.12871959892893384,1
0.285561228744749,1
0.16212364396038317,1
0.03109018479031483,1
0.23340405213962798,1
0.06654947447855948,1
1.5932217972823555,1
0.0807188323739379,1
0.21739801897632466,1
0.3057467683987576,1
0.15628585739569326,1
0.08815275208831734,1
0.31754321894582516,1
0.26867465303171284,1
0.1560360604079991,1
0.17426824041118957,1
0.12851546608959974,1
0.04150642600697681,1
0.2403719215994661,1
0.06578755769601202,1
0.08832196826510963,1
0.15120166398519638,1
0.32344665555852814,1
0.07921522374753477,1
0.19211956357244214,1
0.263322942209151,1
0.19453631638435137,1
0.06277357915041573,1
0.22139661082495843,1
0.14268211892889315,1
0.31429960430224574,1
0.16165099178287423,1
0.05814378064338953,1
0.16355217241841885,1
0.25102366943629373,1
0.12440652384608358,1
0.09575797704452485,1
0.12023903347939004,1
0.24573498450461084,1
0.1181270880462715,1
0.08856219919842648,1
0.06745382194200562,1
0.08806385380332449,1
0.3085686522372361,1
0.09303471478791843,1
0.08577234975487202,1
0.12762127355525527,1
0.17874383183890089,1
0.22343145710564416,1
0.26107819767024404,1
0.36170627739844163,1
0.3844125154657031,1
0.25201439582996576,1
0.22255784755050487,1
0.18621298974673342,1
0.4153815245803017,1
0.11989834165922449,1
0.2158172507560721,1
0.1290122627852661,1
0.08415825371748463,1
0.17436851771581163,1
0.45133556409389136,1
0.735370929689302,1
0.4143927288022011,1
0.2858760852470023,1
0.007488394080743908,1
0.2676277736346084,1
0.3540142880826093,1
0.29044870204595785,1
0.33530330821897153,1
0.15438997743168464,1
0.08895929218865659,1
0.14766132649396885,1
0.24412817318711802,1
0.285637898301354,1
0.1491526442581396,1
0.4261859744668902,1
0.12438241429776553,1
0.20952405777740912,1
0.07246915782799417,1
0.36769134004788395,1
0.33632335954091447,1
0.19658601821525495,1
0.16139383165535173,1
0.24058190769946736,1
0.4037798367869141,1
0.3196211257701714,1
0.16501731320761476,1
0.1999661818597558,1
0.470990584081354,1
0.3260166007809922,1
0.3303939581635179,1
0.1466306484533324,1
0.5283102076970949,1
0.053372192447757,1
0.07069752339946413,1
0.15548634182468962,1
0.12373949253394667,1
0.12746397397529152,1
0.273032735659518,1
0.35288506878886666,1
0.17252304626635465,1
0.20274796034422893,1
0.10688172888773034,1
0.14146493024151827,1
0.06046399986815387,1
0.1659772282668674,1
0.251865231523713,1
0.17253281816318472,1
0.09665007744057319,1
0.11395377105935399,1
0.40852328111927605,1
0.11585228909509238,1
0.26225856962060456,1
0.04691267982906149,1
0.24967331411191154,1
0.1702953301682828,1
0.1646971683652925,1
0.1753304099443286,1
0.23132935150894654,1
0.2202217471998007,1
0.17005775541992235,1
0.1504656044058309,1
0.37890666450191496,1
0.2894312205764902,1
0.16963322277312687,1
0.057042998989862155,1
0.26524865103922995,1
0.11332175345052403,1
0.3066430755960688,1
0.12587955718934718,1
0.13135248403138838,1
0.1360335773741959,1
0.45528511002877514,1
0.1800191130496741,1
0.08436720129190334,1
0.08643579257277181,1
0.1793960709770434,1
0.7229905827261504,1
0.24463726656090207,1
0.13869886296706857,1
0.03142831331105586,1
0.38575495444866337,1
0.09358938414782533,1
0.11134126614874215,1
0.34106927633713285,1
1.0511618156893208,1
0.05237194210067759,1
0.11355951705818641,1
0.20487433480216657,1
0.04451213646353322,1
0.14620224707073903,1
0.5717722481417876,1
0.20086254210800628,1
0.09492783612766356,1
0.15084069621240223,1
0.11601852138232288,1
0.193069742330224,1
0.16077170925133247,1
0.22046510379005396,1
0.11587650539764477,1
0.09309881467627279,1
0.08079965040004561,1
0.29180046238512425,1
0.17026276894482706,1
0.25562382381306026,1
0.10886586709048499,1
0.21390205648713498,1
0.12547912926667615,1
0.22670531008745715,1
0.37060507119337915,1
0.09971982413906726,1
0.20123227766777899,1
0.10628579253370686,1
0.10288146226786384,1
0.2174409136321975,1
0.09569434432265818,1
0.17081071374600593,1
0.08474596594686903,1
0.06866310917341449,1
0.06808272179573356,1
0.3417006170645348,1
0.9559229836249115,1
0.11497548900467261,1
0.027769344677342125,1
0.24928869586087943,1
0.20702363933022072,1
0.0677280920746752,1
0.11951940471057546,1
0.28361163789815136,1
0.18814892884150453,1
0.13166559298842306,1
0.1219339415801478,1
0.5837719786403847,1
0.031888574131405556,1
0.33162969323773406,1
0.1437753440076852,1
0.07487688613190968,1
0.33112049020210244,1
0.19544985794999611,1
0.10828595669647974,1
0.2279406941593091,1
0.3856183974171159,1
0.3472569556352514,1
0.14947865753344783,1
0.17878827034542177,1
0.09073948542236893,1
0.31067929056160576,1
0.2232737288870603,1
0.33705927678851966,1
0.1309203672117419,1
0.32766055574444863,1
0.1253806885560417,1
0.17070674032015068,1
0.3420379158183551,1
0.03658607805224112,1
0.11779295849407605,1
0.2276585287201512,1
0.09250943707673188,1
0.12964573116849107,1
0.24288500111730343,1
0.4672050876149566,1
0.14768356411304084,1
0.19635286359124648,1
0.17425470650337255,1
0.21852191266861284,1
0.04615106095922501,1
0.19924037603981762,1
0.3627750355346428,1
0.2125694080426966,1
0.3696210673081795,1
0.10407630345638723,1
0.23022251804891047,1
0.19191542796173405,1
0.17577480234745313,1
0.07715845423300513,1
0.19510236282565882,1
0.35506131265967567,1
0.36653397015757516,1
0.08947628893291729,1
0.3043930338629123,1
0.40161729063064755,1
0.1893414150645461,1
0.2809728100274689,1
0.2400157978929937,1
0.11229763643926646,1
0.22744364010889848,1
0.27295977976692176,1
0.17179212400789523,1
0.13141485854645651,1
0.456527392283714,1
0.4670555319434606,1
0.2655265591527591,1
0.10192357201470163,1
0.06589831155367086,1
0.44846408700738694,1
0.05438370694620577,1
0.130233191851849,1
0.29984719028876794,1
0.1659772384588385,1
0.6304815281310246,1
0.3697939747176541,1
0.2214246442799845,1
0.10088742667669687,1
0.15672075081518944,1
0.08922213507031879,1
0.289791651346843,1
0.24310733670489,1
0.588482394581846,1
0.15034448348620644,1
0.26399867263961163,1
0.10500978804607074,1
0.11643586542804286,1
0.22383287692570783,1
0.28191025271521974,1
0.30764446725926825,1
0.28764180292913066,1
0.3436387016616077,1
0.1151834412939759,1
0.3428088468839632,1
0.4602445520091818,1
0.14841911289514306,1
0.161556872575573,1
0.3244947389795315,1
0.014302460721320596,1
0.04311010966890702,1
0.2516647765589995,1
0.14657681616154944,1
0.30216826876002123,1
0.17618475994899868,1
0.17844819358665787,1
0.21245293741161494,1
0.10170006538239496,1
0.3512967417779266,1
0.3932998755124643,1
0.3288874694556873,1
0.08628271848830021,1
0.3584886827619146,1
0.35516262965486345,1
0.33394358494987875,1
0.21804812887351066,1
0.4259754351737541,1
0.38794065841061137,1
0.08623356443083098,1
0.06880175125944984,1
0.21185865004378002,1
0.05706624265045628,1
0.16590171961791508,1
0.29305067568879584,1
0.030395598261650805,1
0.2516741065001667,1
0.2787216516255688,1
0.25966282705801425,1
0.10294997648334542,1
0.07967502007468197,1
0.10105438499488348,1
0.12794550573340127,1
0.1354424660303831,1
0.21718930634019568,1
0.2415614571109968,1
0.1770010771689702,1
0.1877458857922875,1
0.20974653428732287,1
0.28816883554088496,1
0.11454396590751337,1
0.1448584473232597,1
0.7952589654798087,1
0.5827704269472151,1
0.1814405480481027,1
0.10528741853897243,1
0.20338371880967654,1
0.19885987989438986,1
0.28796352918240886,1
0.13377692561549062,1
0.2081797058999867,1
0.23507788635718602,1
0.3296639568740313,1
0.36409267575951976,1
0.639903911140163,1
0.07295979933838764,1
0.28922348812231735,1
0.06123091657087474,1
0.5361805776003546,1
0.09479462515438188,1
0.16434720271422426,1
0.09669956174782333,1
0.1882501694137385,1
0.2720339979691445,1
0.2917326281577799,1
0.025572733785067008,1
0.2011107406910873,1
0.10940052528013103,1
0.22678543099005732,1
0.07953826011071888,1
0.0710185864011229,1
0.05284066393210626,1
0.19503185877064844,1
0.17917186524508824,1
0.25276064822461747,1
0.15477074580688482,1
0.06338572420393948,1
0.24347048788724412,1
0.25453021488741423,1
0.09428038335208841,1
0.15200001715153877,1
0.1303626530834686,1
0.18908285986641477,1
0.15218082515260373,1
0.11904675579689103,1
0.23520222881546152,1
0.3565887095099912,1
0.1460560001214898,1
0.22393600929175106,1
0.20237936724568817,1
0.19258619994625853,1
0.12496082407548904,1
0.14423512410628367,1
0.07459286704328674,1
0.11614316264995277,1
0.1475049970526497,1
0.12966495912284332,1
0.04109399919109219,1
0.03958145518739305,1
0.08969326123114836,1
0.07146658987127387,1
0.31181183855601785,1
0.25585483501878215,1
0.3699903391847568,1
0.14448647745112672,1
0.08112433889560486,1
0.4883239725804905,1
0.039714487732341305,1
0.3123586865464252,1
0.11573986512107888,1
0.19333141998774445,1
0.0924451271402909,1
0.16177432428728333,1
0.22603293659951088,1
0.06340353806308797,1
0.26829201557278354,1
0.26753853786649456,1
0.1379216561308458,1
0.29704197121196196,1
0.37552763502152475,1
0.15111936721079508,1
0.4848265649041368,1
0.13143597839585536,1
0.3484044846428783,1
0.08891790796534478,1
0.22226971383304844,1
0.43161487975797197,1
0.5694220214926922,1
0.4270282742231615,1
0.2258803467585972,1
0.4090705280407336,1
0.22639749495646366,1
0.17751748733398362,1
0.8873598969896099,1
0.09821475381074604,1
0.1015243721032267,1
0.34497581114189124,1
0.09945875215843511,1
0.19605914823225706,1
0.43393215455885364,1
0.21570486727646948,1
0.11017251338195555,1
0.22977979319318792,1
0.21356012486440362,1
0.2778150380962552,1
0.16939686356613148,1
0.2742027225992122,1
0.0276839756113729,1
0.08165921654944792,1
0.09440933021247566,1
0.10405904512645475,1
0.07774005502348882,1
0.23882201368947542,1
0.09695100433258588,1
0.17751363000166034,1
0.12502213155935182,1
0.20690263479277363,1
0.156480844950966,1
0.11886088245339765,1
0.09049126877178224,1
0.0948523976522939,1
0.1712489998665811,1
0.21986267936771844,1
0.27291722846230865,1
0.17622524631469355,1
0.18011960544356495,1
0.21718783620085363,1
0.4659356786783925,1
0.18439070685723874,1
0.11479702480613424,1
0.3778341092599726,1
0.2961928069272486,1
0.08825254800401391,1
0.16128517659058428,1
0.2002687185244375,1
0.2787419606687101,1
0.10155968681968744,1
0.02496863378799528,1
0.27230464471804133,1
0.17056288095523056,1
0.19734051523950882,1
0.1515844384791455,1
0.13964055468428702,1
0.1376328227042613,1
0.19431440001823144,1
0.32821368968313075,1
0.08502032512647607,1
0.0875789556789304,1
0.12411596886468784,1
0.05284593210655398,1
0.20099926568312407,1
0.144241046896627,1
0.16887835519070055,1
0.2039572301083139,1
0.471466923390632,1
0.38547244380352336,1
0.30073182456739633,1
0.021328975936574967,1
0.17267409661878186,1
0.3644700905537596,1
0.2665758958748296,1
0.5502206154460797,1
0.16055473078370577,1
0.2569256120615445,1
0.164470259720761,1
0.1854790576142655,1
0.022674537757114647,1
0.12075398956798651,1
0.14201141149959043,1
0.3094686371355546,1
0.1895732467695188,1
0.2429838782934525,1
0.21905123587330982,1
0.12476825005136068,1
0.10666027576758721,1
0.41552090328301095,1
0.12895900727927975,1
0.27941819797714706,1
0.1740805543574978,1
0.40689777677447553,1
0.4260366483011738,1
0.12200276108823332,1
0.35141802019704943,1
0.11394124827676602,1
0.05128054823254176,1
0.0880469756758834,1
0.17273399835229625,1
0.22124350380171298,1
0.09154944528765331,1
0.45784719578838085,1
0.2863227233703304,1
0.11610954811401182,1
0.12110662123311267,1
0.012680630413457364,1
0.10475419430253538,1
0.134961368618017,1
0.20656354869665156,1
0.2689812203144238,1
0.13119349165334998,1
0.15883500087928185,1
0.38188604069993404,1
0.05155975015044216,1
0.0475771075409162,1
0.14434087443006136,1
0.10453409120342155,1
0.08993110253121236,1
0.3574354080261864,1
0.15174448746056526,1
0.19321933554401435,1
0.17291737250104108,1
0.06892261542661007,1
0.12238722518181366,1
0.600689183553105,1
0.04123880302130704,1
0.14151938603894357,1
0.2788963571779948,1
0.21640363842720733,1
0.14841059114056623,1
0.8072366643729155,1
0.07716782554117015,1
0.15701068174693456,1
0.13959478902554312,1
0.1439768951604947,1
0.09453324454056704,1
0.07315723143165694,1
0.4205082078395173,1
0.278920157488929,1
0.5249732022568826,1
0.5689310772262732,1
0.1285913863379653,1
0.17982742197363133,1
0.1707961747176465,1
0.08691239047993783,1
0.12301142490698354,1
0.2505293472770553,1
0.21722522826561902,1
0.34652996104904765,1
0.10983504520210427,1
0.17980722077445882,1
0.25278925986507483,1
0.13327297194488444,1
0.23948607571353106,1
0.11146294468692122,1
0.22070059663537223,1
0.10700543050604176,1
0.6092573361822502,1
0.1628010480488835,1
0.057362740467990836,1
0.1442688446136841,1
0.06495286223713208,1
0.18524212192728837,1
0.1779456518735338,1
0.447572511860468,1
0.22029689198920874,1
0.11076344970824588,1
0.07178371588271672,1
0.23148657732278616,1
0.23461796411807495,1
0.250844247401359,1
0.21985740831241068,1
0.1443870940501138,1
0.027853508374641015,1
0.19167729901583305,1
0.10104091508449359,1
0.18113655277541865,1
0.10023648821274966,1
0.12882270295540305,1
0.06535908708244009,1
0.17001873230635162,1
0.06955846362041965,1
0.14015823299579022,1
0.19314582047006318,1
0.35214379085999964,1
0.012987987558349004,1
0.09680677919047323,1
0.6628688508183597,1
0.06734063706070752,1
0.49349615768663957,1
0.13012615929880125,1
0.13419344721942816,1
0.26655085867294476,1
0.18980811946737997,1
0.24984346019143058,1
0.21535577541814646,1
0.2297586275381357,1
0.1935101396987043,1
0.23203837493209517,1
0.16379588944581652,1
0.32485196645326503,1
0.18033543317814088,1
0.13020582885211418,1
0.3113314407719401,1
0.1215906004229446,1
0.05492403304919004,1
0.14566635169503575,1
0.07490865084131029,1
0.5738587704667512,1
0.8642077438385881,1
0.12158453777702333,1
0.04720670857013493,1
0.1279432616848492,1
0.07906521802413086,1
0.12581551659724538,1
0.2788183698499694,1
0.16318890634159094,1
0.14558437332991356,1
0.22598831832968908,1
0.17508557891499255,1
0.36040493932995327,1
0.2277641903827719,1
0.39309290505341676,1
0.09411542455296815,1
0.17028994884603063,1
0.20216857170880048,1
0.24431530455072362,1
0.07521121347268073,1
0.20431401762557713,1
0.14735937559927215,1
0.1254479938172569,1
0.1550925274592203,1
0.0728935440298873,1
0.2462342461065093,1
0.4110451261155735,1
0.3813286309158766,1
0.153205833629146,1
0.2612753348409529,1
0.07705190562574067,1
0.14715712818134755,1
0.19438573446613316,1
0.09950291625129233,1
0.08872038588534979,1
0.10299276431070031,1
0.18517857978501673,1
0.07429614211842553,1
0.08188842517771547,1
0.12725866290264154,1
0.10395325765049294,1
0.10409407284502585,1
0.46335844139254545,1
0.07410759419631091,1
0.39342772640324297,1
0.19171589511397202,1
0.25758666969287247,1
0.02881323717548564,1
0.27969028889640724,1
0.06503066331084431,1
0.48692263047089557,1
0.04739631572999838,1
0.32261189743482466,1
0.42579969301446396,1
0.35872505731321813,1
0.06576040457473781,1
0.19097076680420583,1
0.13516696085608185,1
0.03808093730554876,1
0.08018301466856413,1
0.2989394926331377,1
0.15364518000930386,1
0.3392022014196273,1
1.14393204764687,1
0.3973036278642277,1
0.26226031997073224,1
0.3277509561284189,1
0.6671362731501822,1
0.14454151464225592,1
0.36409361345031643,1
0.18790045591967997,1
0.3460883276843301,1
0.21909842857992623,1
0.11464126199982265,1
0.05460028669493559,1
0.25002416179442144,1
0.29536364896302547,1
0.2012045410756457,1
0.2145811874846599,1
0.2362927041732085,1
0.15611304830835268,1
0.06752767066956775,1
0.3208803749671557,1
0.2140791568423149,1
0.17790817326783365,1
0.2647472173802902,1
0.15250008430337522,1
0.3021688178078659,1
0.04687374777158201,1
0.10934692898359942,1
0.10862943539082451,1
0.41094387537789884,1
0.14469703200737308,1
0.2602873891259381,1
0.14514222356624623,1
0.1600123875726381,1
0.2697418305020267,1
0.2405002727501942,1
0.4704341775039457,1
0.6943369309757839,1
0.6232067158210588,1
0.28519062245373705,1
0.14407637097915435,1
0.25946424263028656,1
0.2893691527889649,1
0.11858260176228676,1
0.062029110505947255,1
0.08799084062762814,1
0.20568538879229548,1
0.08834816755494979,1
0.14573059105338895,1
0.3809645966814176,1
0.06520910095099659,1
0.06353444276379075,1
0.34997968292305215,1
0.14704769423089764,1
0.39512831582623753,1
0.21366141184026186,1
0.08395706227626873,1
0.2103407436049284,1
0.301575407196962,1
0.09979959698132594,1
0.44402498205347285,1
0.1265818245432434,1
0.15279482633416397,1
0.17215097373848373,1
0.2167144531120644,1
0.23438774354899972,1
0.06906641887614612,1
0.3623580741562264,1
0.2782441187931878,1
0.04876624350013351,1
0.22430925580957928,1
0.22073271485692125,1
0.25239941322718545,1
0.1174339192904329,1
0.18805502460569948,1
0.16569962232105565,1
0.38376254815279814,1
0.42261490409061275,1
0.1597160351806835,1
0.23980515674779274,1
0.19971044682765016,1
0.13231408290685612,1
0.22654620318623478,1
0.047053037272647064,1
0.0741024168452278,1
0.14586871778103372,1
0.23282134999989915,1
0.05605459698003988,1
0.44877941854805575,1
0.1199009436241229,1
0.165617447709194,1
0.07108218237249325,1
0.3547899792314253,1
0.5823290320656402,1
0.2658273504399614,1
0.2295738612546608,1
0.07057906698068661,1
0.3820171745933427,1
0.10392290432497453,1
0.45036078605613294,1
0.166259864123311,1
0.3825433594779359,1
0.12967289005254873,1
0.14574844731865633,1
0.22401501122434297,1
0.14926545947786285,1
0.4608729010875234,1
0.24137300193601938,1
0.29586069674283627,1
0.23957730455596454,1
0.1083143535358631,1
0.1659603280611355,1
0.3427226213658525,1
0.5056368825634151,1
0.21590235122530493,1
0.12395607011185109,1
0.08102943333686247,1
0.15333898890635228,1
0.1413696869300998,1
0.07154261797089906,1
0.473149209267454,1
0.35233317151645527,1
0.2310839859307705,1
0.3990305209306168,1
0.1265309476226438,1
0.552124503376805,1
0.6400754599095696,1
0.2571749077579504,1
0.1605060807975971,1
0.3826040482068975,1
0.1344058971568065,1
0.20432137348393764,1
0.20423071993515357,1
0.34296161501450795,1
0.07746174485427279,1
0.09989623887136996,1
0.08192357766079492,1
0.07815829943343694,1
0.1903543351105338,1
0.16702542185497354,1
0.13079277901203845,1
0.05623416774234457,1
0.09624727392913146,1
0.061324006315702624,1
0.10297514204977265,1
0.22401367942028644,1
0.11151719410379203,1
0.2450506352467987,1
0.05309384761805453,1
0.14419295866976733,1
0.10217178119994501,1
0.07918381077061086,1
0.16526091617424352,1
0.14804613257584495,1
0.09058475847345968,1
0.22482718498131948,1
0.18348763410759739,1
0.12912630089012433,1
0.11603015602043304,1
0.36218860731122243,1
0.149185639435495,1
0.531936896162364,1
0.145866977082045,1
0.2171898251523539,1
0.1614600952461141,1
0.3708244075978049,1
0.27452261285199225,1
0.19423375548097108,1
0.11533780870432885,1
0.561841960398373,1
0.22286748290835756,1
0.2657946506014838,1
0.22976462489377592,1
0.03444296328141907,1
0.18743464023946768,1
0.0724471510624959,1
0.34102621125381144,1
0.017106148101704015,1
0.1256254600822188,1
0.09163284639700596,1
0.06784711503597544,1
0.13450670362477304,1
0.27788095572423044,1
0.5511173239583612,1
0.16257149889535352,1
0.11542789182078356,1
0.2147421464156605,1
0.12862412754817998,1
0.11346308404926905,1
0.17445220694768448,1
0.14742828278938763,1
0.31661398496649923,1
0.16331406362448422,1
0.27156014418760993,1
0.3001761753175396,1
0.2734221190093826,1
0.019842490060459614,1
0.21052002948622733,1
0.07333498292825276,1
0.06625650742385936,1
0.10155639980565238,1
0.1627836572599715,1
0.13009851423924423,1
0.3007357314710408,1
0.02495753697745832,1
0.134210354549629,1
0.13411544850102644,1
0.2688202493631382,1
0.08081354805223648,1
0.4175595439365331,1
0.08656812551728742,1
0.0715183785542752,1
0.051663411491646764,1
0.23767762701965595,1
0.28509156080521764,1
0.14881711507395412,1
0.09789743676799206,1
0.3513576781674612,1
0.07640334196652454,1
0.08974102377919285,1
0.19378400475279833,1
0.34223199679043803,1
0.28943076551952546,1
0.35653722306801344,1
0.10372398166941629,1
0.07255656120037106,1
0.19892435658388136,1
0.22255517140307382,1
0.23575430360261623,1
0.5028889836720225,1
0.44450486254412075,1
0.14055830106022923,1
0.07889287946329017,1
0.24567101314993317,1
0.11328184823247779,1
0.1443973576003708,1
0.2841830414721361,1
0.22596647259880687,1
